Visual Properties Report
------------------------
Compatibility mode, properties unknown.
Loading Track Loader...
Loading Graphic Engine...
Starting Quick Race 
Loading Track g-track-1...
Loading Track Geometry...
>>> Track Name    CG Speedway number 1
>>> Track Author  CG, B. Wymann
>>> Track Length  2057.56 m
>>> Track Width   15.00 m
++++++++++++ Track ++++++++++++
name     = CG Speedway number 1
author   = CG, B. Wymann
filename = tracks/road/g-track-1/g-track-1.xml
nseg     = 301
version  = 4
length   = 2057.559326
width    = 15.000000
XSize    = 679.162170
YSize    = 641.588257
ZSize    = 10.380414
Pits     = present on track side
loading 1 cars
Driver's name: championship2011server 1
Car Specification: cars/car1-trb1/car1-trb1.xml
Loading Driver championship2011server 1... Car: car1-trb1
Category Specification: categories/trb1.xml
1 drivers ready to race
Cars per pit: 1
Pit 0, Team: <none>, 0: champ2011 1 
Initializing Driver champ2011 1...
Waiting for request on port 3001
GfParmReadFile: Openning "C:/Program Files (x86)/torcs/config/screen.xml" (0073F26C)
parmReleaseHandle: release "C:/Program Files (x86)/torcs/config/screen.xml" (0073F26C)
parmReleaseHeader: refcount null free "C:/Program Files (x86)/torcs/config/screen.xml"
GfParmReadFile: Openning "C:/Program Files (x86)/torcs/config/graph.xml" (07743A74)
parmReleaseHandle: release "C:/Program Files (x86)/torcs/config/graph.xml" (07743A74)
parmReleaseHeader: refcount null free "C:/Program Files (x86)/torcs/config/graph.xml"
GfParmReadFile: Openning "C:/Program Files (x86)/torcs/config/graph.xml" (0075066C)
parmReleaseHandle: release "C:/Program Files (x86)/torcs/config/graph.xml" (0075066C)
parmReleaseHeader: refcount null free "C:/Program Files (x86)/torcs/config/graph.xml"
GfParmReadFile: Openning "C:/Program Files (x86)/torcs/config/raceengine.xml" (07743834)
GfParmReadFile: Openning "C:/Program Files (x86)/torcs/config/raceman/quickrace.xml" (077435B4)
GfParmReadFile: Openning "C:/Program Files (x86)/torcs/config/raceman/champ.xml" (077432F4)
GfParmReadFile: Openning "C:/Program Files (x86)/torcs/config/raceman/dtmrace.xml" (0074AD1C)
GfParmReadFile: Openning "C:/Program Files (x86)/torcs/config/raceman/endrace.xml" (07756EAC)
GfParmReadFile: Openning "C:/Program Files (x86)/torcs/config/raceman/ncrace.xml" (0775C804)
GfParmReadFile: Openning "C:/Program Files (x86)/torcs/config/raceman/practice.xml" (0776235C)
GfParmReadFile: Openning "C:/Program Files (x86)/torcs/results/quickrace/results-2023-01-11-00-24.xml" (07765A34)
GfParmReadFile: Openning "tracks/road/g-track-1/g-track-1.xml" (07765874)
GfParmListClean: "CG Speedway number 1/Results/Quick Race" not found
GfParmReadFile: Openning "C:/Program Files (x86)/torcs/drivers/championship2011server/championship2011server.xml" (077C602C)
GfParmReadFile: Openning "cars/car1-trb1/car1-trb1.xml" (077C6BEC)
GfParmReadFile: Openning "categories/trb1.xml" (0782999C)
Merging "categories/trb1.xml" and "cars/car1-trb1/car1-trb1.xml" (SRC - DST)
parmReleaseHandle: release "categories/trb1.xml" (0782999C)
parmReleaseHeader: refcount null free "categories/trb1.xml"
parmReleaseHandle: release "cars/car1-trb1/car1-trb1.xml" (077C6BEC)
parmReleaseHeader: refcount null free "cars/car1-trb1/car1-trb1.xml"
